# JRE version: OpenJDK Runtime Environment Temurin-21.0.8+9 (21.0.8+9) (build 21.0.8+9-LTS)
# Java VM: OpenJDK 64-Bit Server VM Temurin-21.0.8+9 (21.0.8+9-LTS, mixed mode, sharing, tiered, compressed oops, compressed class ptrs, parallel gc, windows-amd64)
GC Precious Log:
 CardTable entry size: 512
 CPUs: 12 total, 12 available
 Memory: 16108M
 Large Page Support: Disabled
 NUMA Support: Disabled
 Compressed Oops: Enabled (32-bit)
 Alignments: Space 512K, Generation 512K, Heap 2M
 Heap Min Capacity: 100M
 Heap Initial Capacity: 100M
 Heap Max Capacity: 2G
 Pre-touch: Disabled
 Parallel Workers: 10
Heap:
 PSYoungGen      total 4096K, used 3390K [0x00000000d5580000, 0x00000000d5d00000, 0x0000000100000000)
  eden space 3072K, 78% used [0x00000000d5580000,0x00000000d57d7b48,0x00000000d5880000)
  from space 1024K, 96% used [0x00000000d5900000,0x00000000d59f8000,0x00000000d5a00000)
  to   space 2048K, 0% used [0x00000000d5b00000,0x00000000d5b00000,0x00000000d5d00000)
 ParOldGen       total 749056K, used 748991K [0x0000000080000000, 0x00000000adb80000, 0x00000000d5580000)
  object space 749056K, 99% used [0x0000000080000000,0x00000000adb6fc68,0x00000000adb80000)
 Metaspace       used 70682K, committed 72192K, reserved 1114112K
  class space    used 7637K, committed 8256K, reserved 1048576K
GC Heap History (20 events):
Event: 1057.360 GC heap before
{Heap before GC invocations=763 (full 3):
 PSYoungGen      total 3584K, used 3232K [0x00000000d5580000, 0x00000000d5b80000, 0x0000000100000000)
  eden space 3072K, 100% used [0x00000000d5580000,0x00000000d5880000,0x00000000d5880000)
  from space 512K, 31% used [0x00000000d5a80000,0x00000000d5aa8000,0x00000000d5b00000)
  to   space 512K, 0% used [0x00000000d5b00000,0x00000000d5b00000,0x00000000d5b80000)
 ParOldGen       total 745472K, used 745250K [0x0000000080000000, 0x00000000ad800000, 0x00000000d5580000)
  object space 745472K, 99% used [0x0000000080000000,0x00000000ad7c8af8,0x00000000ad800000)
 Metaspace       used 70609K, committed 72128K, reserved 1114112K
  class space    used 7636K, committed 8256K, reserved 1048576K
}
Event: 1057.362 GC heap after
{Heap after GC invocations=763 (full 3):
 PSYoungGen      total 3584K, used 224K [0x00000000d5580000, 0x00000000d5b80000, 0x0000000100000000)
  eden space 3072K, 0% used [0x00000000d5580000,0x00000000d5580000,0x00000000d5880000)
  from space 512K, 43% used [0x00000000d5b00000,0x00000000d5b38000,0x00000000d5b80000)
  to   space 512K, 0% used [0x00000000d5a80000,0x00000000d5a80000,0x00000000d5b00000)
 ParOldGen       total 745472K, used 745314K [0x0000000080000000, 0x00000000ad800000, 0x00000000d5580000)
  object space 745472K, 99% used [0x0000000080000000,0x00000000ad7d8af8,0x00000000ad800000)
 Metaspace       used 70609K, committed 72128K, reserved 1114112K
  class space    used 7636K, committed 8256K, reserved 1048576K
}
Event: 1057.557 GC heap before
{Heap before GC invocations=764 (full 3):
 PSYoungGen      total 3584K, used 3296K [0x00000000d5580000, 0x00000000d5b80000, 0x0000000100000000)
  eden space 3072K, 100% used [0x00000000d5580000,0x00000000d5880000,0x00000000d5880000)
  from space 512K, 43% used [0x00000000d5b00000,0x00000000d5b38000,0x00000000d5b80000)
  to   space 512K, 0% used [0x00000000d5a80000,0x00000000d5a80000,0x00000000d5b00000)
 ParOldGen       total 745472K, used 745314K [0x0000000080000000, 0x00000000ad800000, 0x00000000d5580000)
  object space 745472K, 99% used [0x0000000080000000,0x00000000ad7d8af8,0x00000000ad800000)
 Metaspace       used 70611K, committed 72128K, reserved 1114112K
  class space    used 7636K, committed 8256K, reserved 1048576K
}
Event: 1057.558 GC heap after
{Heap after GC invocations=764 (full 3):
 PSYoungGen      total 3584K, used 192K [0x00000000d5580000, 0x00000000d5b80000, 0x0000000100000000)
  eden space 3072K, 0% used [0x00000000d5580000,0x00000000d5580000,0x00000000d5880000)
  from space 512K, 37% used [0x00000000d5a80000,0x00000000d5ab0000,0x00000000d5b00000)
  to   space 512K, 0% used [0x00000000d5b00000,0x00000000d5b00000,0x00000000d5b80000)
 ParOldGen       total 745472K, used 745338K [0x0000000080000000, 0x00000000ad800000, 0x00000000d5580000)
  object space 745472K, 99% used [0x0000000080000000,0x00000000ad7deaf8,0x00000000ad800000)
 Metaspace       used 70611K, committed 72128K, reserved 1114112K
  class space    used 7636K, committed 8256K, reserved 1048576K
}
Event: 1058.774 GC heap before
{Heap before GC invocations=765 (full 3):
 PSYoungGen      total 3584K, used 3264K [0x00000000d5580000, 0x00000000d5b80000, 0x0000000100000000)
  eden space 3072K, 100% used [0x00000000d5580000,0x00000000d5880000,0x00000000d5880000)
  from space 512K, 37% used [0x00000000d5a80000,0x00000000d5ab0000,0x00000000d5b00000)
  to   space 512K, 0% used [0x00000000d5b00000,0x00000000d5b00000,0x00000000d5b80000)
 ParOldGen       total 745472K, used 745338K [0x0000000080000000, 0x00000000ad800000, 0x00000000d5580000)
  object space 745472K, 99% used [0x0000000080000000,0x00000000ad7deaf8,0x00000000ad800000)
 Metaspace       used 70622K, committed 72192K, reserved 1114112K
  class space    used 7636K, committed 8256K, reserved 1048576K
}
Event: 1058.776 GC heap after
{Heap after GC invocations=765 (full 3):
 PSYoungGen      total 3584K, used 192K [0x00000000d5580000, 0x00000000d5b80000, 0x0000000100000000)
  eden space 3072K, 0% used [0x00000000d5580000,0x00000000d5580000,0x00000000d5880000)
  from space 512K, 37% used [0x00000000d5b00000,0x00000000d5b30000,0x00000000d5b80000)
  to   space 512K, 0% used [0x00000000d5a80000,0x00000000d5a80000,0x00000000d5b00000)
 ParOldGen       total 745472K, used 745354K [0x0000000080000000, 0x00000000ad800000, 0x00000000d5580000)
  object space 745472K, 99% used [0x0000000080000000,0x00000000ad7e2af8,0x00000000ad800000)
 Metaspace       used 70622K, committed 72192K, reserved 1114112K
  class space    used 7636K, committed 8256K, reserved 1048576K
}
Event: 1058.832 GC heap before
{Heap before GC invocations=766 (full 3):
 PSYoungGen      total 3584K, used 3264K [0x00000000d5580000, 0x00000000d5b80000, 0x0000000100000000)
  eden space 3072K, 100% used [0x00000000d5580000,0x00000000d5880000,0x00000000d5880000)
  from space 512K, 37% used [0x00000000d5b00000,0x00000000d5b30000,0x00000000d5b80000)
  to   space 512K, 0% used [0x00000000d5a80000,0x00000000d5a80000,0x00000000d5b00000)
 ParOldGen       total 745472K, used 745354K [0x0000000080000000, 0x00000000ad800000, 0x00000000d5580000)
  object space 745472K, 99% used [0x0000000080000000,0x00000000ad7e2af8,0x00000000ad800000)
 Metaspace       used 70622K, committed 72192K, reserved 1114112K
  class space    used 7636K, committed 8256K, reserved 1048576K
}
Event: 1058.834 GC heap after
{Heap after GC invocations=766 (full 3):
 PSYoungGen      total 3584K, used 160K [0x00000000d5580000, 0x00000000d5b80000, 0x0000000100000000)
  eden space 3072K, 0% used [0x00000000d5580000,0x00000000d5580000,0x00000000d5880000)
  from space 512K, 31% used [0x00000000d5a80000,0x00000000d5aa8000,0x00000000d5b00000)
  to   space 512K, 0% used [0x00000000d5b00000,0x00000000d5b00000,0x00000000d5b80000)
 ParOldGen       total 745472K, used 745418K [0x0000000080000000, 0x00000000ad800000, 0x00000000d5580000)
  object space 745472K, 99% used [0x0000000080000000,0x00000000ad7f2af8,0x00000000ad800000)
 Metaspace       used 70622K, committed 72192K, reserved 1114112K
  class space    used 7636K, committed 8256K, reserved 1048576K
}
Event: 1058.887 GC heap before
{Heap before GC invocations=767 (full 3):
 PSYoungGen      total 3584K, used 3232K [0x00000000d5580000, 0x00000000d5b80000, 0x0000000100000000)
  eden space 3072K, 100% used [0x00000000d5580000,0x00000000d5880000,0x00000000d5880000)
  from space 512K, 31% used [0x00000000d5a80000,0x00000000d5aa8000,0x00000000d5b00000)
  to   space 512K, 0% used [0x00000000d5b00000,0x00000000d5b00000,0x00000000d5b80000)
 ParOldGen       total 745472K, used 745418K [0x0000000080000000, 0x00000000ad800000, 0x00000000d5580000)
  object space 745472K, 99% used [0x0000000080000000,0x00000000ad7f2af8,0x00000000ad800000)
 Metaspace       used 70629K, committed 72192K, reserved 1114112K
  class space    used 7636K, committed 8256K, reserved 1048576K
}
Event: 1058.888 GC heap after
{Heap after GC invocations=767 (full 3):
 PSYoungGen      total 3584K, used 160K [0x00000000d5580000, 0x00000000d5b80000, 0x0000000100000000)
  eden space 3072K, 0% used [0x00000000d5580000,0x00000000d5580000,0x00000000d5880000)
  from space 512K, 31% used [0x00000000d5b00000,0x00000000d5b28000,0x00000000d5b80000)
  to   space 512K, 0% used [0x00000000d5a80000,0x00000000d5a80000,0x00000000d5b00000)
 ParOldGen       total 745472K, used 745418K [0x0000000080000000, 0x00000000ad800000, 0x00000000d5580000)
  object space 745472K, 99% used [0x0000000080000000,0x00000000ad7f2af8,0x00000000ad800000)
 Metaspace       used 70629K, committed 72192K, reserved 1114112K
  class space    used 7636K, committed 8256K, reserved 1048576K
}
Event: 1059.655 GC heap before
{Heap before GC invocations=768 (full 3):
 PSYoungGen      total 3584K, used 3232K [0x00000000d5580000, 0x00000000d5b80000, 0x0000000100000000)
  eden space 3072K, 100% used [0x00000000d5580000,0x00000000d5880000,0x00000000d5880000)
  from space 512K, 31% used [0x00000000d5b00000,0x00000000d5b28000,0x00000000d5b80000)
  to   space 512K, 0% used [0x00000000d5a80000,0x00000000d5a80000,0x00000000d5b00000)
 ParOldGen       total 745472K, used 745418K [0x0000000080000000, 0x00000000ad800000, 0x00000000d5580000)
  object space 745472K, 99% used [0x0000000080000000,0x00000000ad7f2af8,0x00000000ad800000)
 Metaspace       used 70629K, committed 72192K, reserved 1114112K
  class space    used 7636K, committed 8256K, reserved 1048576K
}
Event: 1059.657 GC heap after
{Heap after GC invocations=768 (full 3):
 PSYoungGen      total 3584K, used 192K [0x00000000d5580000, 0x00000000d5b80000, 0x0000000100000000)
  eden space 3072K, 0% used [0x00000000d5580000,0x00000000d5580000,0x00000000d5880000)
  from space 512K, 37% used [0x00000000d5a80000,0x00000000d5ab0000,0x00000000d5b00000)
  to   space 512K, 0% used [0x00000000d5b00000,0x00000000d5b00000,0x00000000d5b80000)
 ParOldGen       total 745472K, used 745418K [0x0000000080000000, 0x00000000ad800000, 0x00000000d5580000)
  object space 745472K, 99% used [0x0000000080000000,0x00000000ad7f2af8,0x00000000ad800000)
 Metaspace       used 70629K, committed 72192K, reserved 1114112K
  class space    used 7636K, committed 8256K, reserved 1048576K
}
Event: 1075.978 GC heap before
{Heap before GC invocations=769 (full 3):
 PSYoungGen      total 3584K, used 3264K [0x00000000d5580000, 0x00000000d5b80000, 0x0000000100000000)
  eden space 3072K, 100% used [0x00000000d5580000,0x00000000d5880000,0x00000000d5880000)
  from space 512K, 37% used [0x00000000d5a80000,0x00000000d5ab0000,0x00000000d5b00000)
  to   space 512K, 0% used [0x00000000d5b00000,0x00000000d5b00000,0x00000000d5b80000)
 ParOldGen       total 745472K, used 745418K [0x0000000080000000, 0x00000000ad800000, 0x00000000d5580000)
  object space 745472K, 99% used [0x0000000080000000,0x00000000ad7f2af8,0x00000000ad800000)
 Metaspace       used 70633K, committed 72192K, reserved 1114112K
  class space    used 7637K, committed 8256K, reserved 1048576K
}
Event: 1075.980 GC heap after
{Heap after GC invocations=769 (full 3):
 PSYoungGen      total 3584K, used 490K [0x00000000d5580000, 0x00000000d5b80000, 0x0000000100000000)
  eden space 3072K, 0% used [0x00000000d5580000,0x00000000d5580000,0x00000000d5880000)
  from space 512K, 95% used [0x00000000d5b00000,0x00000000d5b7a938,0x00000000d5b80000)
  to   space 1024K, 0% used [0x00000000d5980000,0x00000000d5980000,0x00000000d5a80000)
 ParOldGen       total 745984K, used 745599K [0x0000000080000000, 0x00000000ad880000, 0x00000000d5580000)
  object space 745984K, 99% used [0x0000000080000000,0x00000000ad81fcf8,0x00000000ad880000)
 Metaspace       used 70633K, committed 72192K, reserved 1114112K
  class space    used 7637K, committed 8256K, reserved 1048576K
}
Event: 1075.995 GC heap before
{Heap before GC invocations=770 (full 3):
 PSYoungGen      total 3584K, used 3562K [0x00000000d5580000, 0x00000000d5b80000, 0x0000000100000000)
  eden space 3072K, 100% used [0x00000000d5580000,0x00000000d5880000,0x00000000d5880000)
  from space 512K, 95% used [0x00000000d5b00000,0x00000000d5b7a938,0x00000000d5b80000)
  to   space 1024K, 0% used [0x00000000d5980000,0x00000000d5980000,0x00000000d5a80000)
 ParOldGen       total 745984K, used 745599K [0x0000000080000000, 0x00000000ad880000, 0x00000000d5580000)
  object space 745984K, 99% used [0x0000000080000000,0x00000000ad81fcf8,0x00000000ad880000)
 Metaspace       used 70633K, committed 72192K, reserved 1114112K
  class space    used 7637K, committed 8256K, reserved 1048576K
}
Event: 1075.997 GC heap after
{Heap after GC invocations=770 (full 3):
 PSYoungGen      total 4096K, used 1002K [0x00000000d5580000, 0x00000000d6080000, 0x0000000100000000)
  eden space 3072K, 0% used [0x00000000d5580000,0x00000000d5580000,0x00000000d5880000)
  from space 1024K, 97% used [0x00000000d5980000,0x00000000d5a7aa78,0x00000000d5a80000)
  to   space 4096K, 0% used [0x00000000d5c80000,0x00000000d5c80000,0x00000000d6080000)
 ParOldGen       total 748032K, used 747783K [0x0000000080000000, 0x00000000ada80000, 0x00000000d5580000)
  object space 748032K, 99% used [0x0000000080000000,0x00000000ada41e00,0x00000000ada80000)
 Metaspace       used 70633K, committed 72192K, reserved 1114112K
  class space    used 7637K, committed 8256K, reserved 1048576K
}
Event: 1076.024 GC heap before
{Heap before GC invocations=771 (full 3):
 PSYoungGen      total 4096K, used 4071K [0x00000000d5580000, 0x00000000d6080000, 0x0000000100000000)
  eden space 3072K, 99% used [0x00000000d5580000,0x00000000d587f218,0x00000000d5880000)
  from space 1024K, 97% used [0x00000000d5980000,0x00000000d5a7aa78,0x00000000d5a80000)
  to   space 4096K, 0% used [0x00000000d5c80000,0x00000000d5c80000,0x00000000d6080000)
 ParOldGen       total 748032K, used 747783K [0x0000000080000000, 0x00000000ada80000, 0x00000000d5580000)
  object space 748032K, 99% used [0x0000000080000000,0x00000000ada41e00,0x00000000ada80000)
 Metaspace       used 70635K, committed 72192K, reserved 1114112K
  class space    used 7637K, committed 8256K, reserved 1048576K
}
Event: 1076.026 GC heap after
{Heap after GC invocations=771 (full 3):
 PSYoungGen      total 5632K, used 2523K [0x00000000d5580000, 0x00000000d5f00000, 0x0000000100000000)
  eden space 3072K, 0% used [0x00000000d5580000,0x00000000d5580000,0x00000000d5880000)
  from space 2560K, 98% used [0x00000000d5c80000,0x00000000d5ef6d00,0x00000000d5f00000)
  to   space 3072K, 0% used [0x00000000d5900000,0x00000000d5900000,0x00000000d5c00000)
 ParOldGen       total 749056K, used 748799K [0x0000000080000000, 0x00000000adb80000, 0x00000000d5580000)
  object space 749056K, 99% used [0x0000000080000000,0x00000000adb3fc68,0x00000000adb80000)
 Metaspace       used 70635K, committed 72192K, reserved 1114112K
  class space    used 7637K, committed 8256K, reserved 1048576K
}
Event: 1091.454 GC heap before
{Heap before GC invocations=772 (full 3):
 PSYoungGen      total 5632K, used 5595K [0x00000000d5580000, 0x00000000d5f00000, 0x0000000100000000)
  eden space 3072K, 100% used [0x00000000d5580000,0x00000000d5880000,0x00000000d5880000)
  from space 2560K, 98% used [0x00000000d5c80000,0x00000000d5ef6d00,0x00000000d5f00000)
  to   space 3072K, 0% used [0x00000000d5900000,0x00000000d5900000,0x00000000d5c00000)
 ParOldGen       total 749056K, used 748799K [0x0000000080000000, 0x00000000adb80000, 0x00000000d5580000)
  object space 749056K, 99% used [0x0000000080000000,0x00000000adb3fc68,0x00000000adb80000)
 Metaspace       used 70650K, committed 72192K, reserved 1114112K
  class space    used 7637K, committed 8256K, reserved 1048576K
}
Event: 1091.457 GC heap after
{Heap after GC invocations=772 (full 3):
 PSYoungGen      total 4096K, used 992K [0x00000000d5580000, 0x00000000d5d00000, 0x0000000100000000)
  eden space 3072K, 0% used [0x00000000d5580000,0x00000000d5580000,0x00000000d5880000)
  from space 1024K, 96% used [0x00000000d5900000,0x00000000d59f8000,0x00000000d5a00000)
  to   space 2048K, 0% used [0x00000000d5b00000,0x00000000d5b00000,0x00000000d5d00000)
 ParOldGen       total 749056K, used 748991K [0x0000000080000000, 0x00000000adb80000, 0x00000000d5580000)
  object space 749056K, 99% used [0x0000000080000000,0x00000000adb6fc68,0x00000000adb80000)
 Metaspace       used 70650K, committed 72192K, reserved 1114112K
  class space    used 7637K, committed 8256K, reserved 1048576K
}

